<?xml version="1.0" encoding="UTF-8"?>
<testsuite name="ru.stqa.pft.sandbox.PointTests" tests="1" skipped="0" failures="0" errors="0" timestamp="2020-12-04T02:27:22" hostname="WIN-O12H9F1QR4H" time="0.007">
  <properties/>
  <testcase name="testdistance" classname="ru.stqa.pft.sandbox.PointTests" time="0.007"/>
  <system-out><![CDATA[]]></system-out>
  <system-err><![CDATA[]]></system-err>
</testsuite>
