<?xml version="1.0" encoding="UTF-8"?>
<testsuite name="ru.stqa.pft.addressbook.tests.ContactDeletionTests" tests="1" skipped="0" failures="0" errors="0" timestamp="2021-01-13T02:08:07" hostname="WIN-O12H9F1QR4H" time="2.002">
  <properties/>
  <testcase name="testContactDeletionTests" classname="ru.stqa.pft.addressbook.tests.ContactDeletionTests" time="2.002"/>
  <system-out><![CDATA[]]></system-out>
  <system-err><![CDATA[]]></system-err>
</testsuite>
