<?xml version="1.0" encoding="UTF-8"?>
<testsuite name="ru.stqa.pft.addressbook.tests.GroupModificationTests" tests="1" skipped="0" failures="0" errors="0" timestamp="2021-01-05T21:47:34" hostname="WIN-O12H9F1QR4H" time="5.128">
  <properties/>
  <testcase name="testGroupModificationTests" classname="ru.stqa.pft.addressbook.tests.GroupModificationTests" time="5.128"/>
  <system-out><![CDATA[]]></system-out>
  <system-err><![CDATA[]]></system-err>
</testsuite>
