<?xml version="1.0" encoding="UTF-8"?>
<testsuite name="ru.stqa.pft.addressbook.tests.GroupCreationTests" tests="4" skipped="0" failures="0" errors="0" timestamp="2021-01-12T03:47:23" hostname="WIN-O12H9F1QR4H" time="20.8">
  <properties/>
  <testcase name="testGroupBadCreationTests" classname="ru.stqa.pft.addressbook.tests.GroupCreationTests" time="7.513"/>
  <testcase name="testGroupCreationTests[0](GroupData{id='0'})" classname="ru.stqa.pft.addressbook.tests.GroupCreationTests" time="4.33"/>
  <testcase name="testGroupCreationTests[1](GroupData{id='0'})" classname="ru.stqa.pft.addressbook.tests.GroupCreationTests" time="4.288"/>
  <testcase name="testGroupCreationTests[2](GroupData{id='0'})" classname="ru.stqa.pft.addressbook.tests.GroupCreationTests" time="4.498"/>
  <system-out><![CDATA[]]></system-out>
  <system-err><![CDATA[]]></system-err>
</testsuite>
