<?xml version="1.0" encoding="UTF-8"?>
<testsuite name="ru.stqa.pft.addressbook.tests.ContactModificationTests" tests="1" skipped="0" failures="0" errors="0" timestamp="2020-12-10T21:37:57" hostname="WIN-O12H9F1QR4H" time="9.432">
  <properties/>
  <testcase name="testContactModificationTests" classname="ru.stqa.pft.addressbook.tests.ContactModificationTests" time="9.432"/>
  <system-out><![CDATA[]]></system-out>
  <system-err><![CDATA[Started InternetExplorerDriver server (32-bit)
3.150.1.0
Listening on port 33794
Only local connections are allowed
Dec 10, 2020 3:37:54 PM org.openqa.selenium.remote.ProtocolHandshake createSession
INFO: Detected dialect: W3C
]]></system-err>
</testsuite>
